<?xml version="1.0" encoding="UTF-8"?>
<!-- Generated by org.testng.reporters.JUnitXMLReporter -->
<testsuite ignored="0" hostname="DESKTOP-Q5TRK1C" failures="0" tests="3" name="Default test" time="13.05" errors="0" timestamp="2024-09-05T13:28:18 IST">
  <testcase classname="scenario2Test.LoginPageTest" name="verifyTitle" time="0.034"/>
  <testcase classname="scenario2Test.LoginPageTest" name="verifyLogin" time="1.791"/>
  <testcase classname="scenario2Test.LoginPageTest" name="verifyCurrentUrl" time="0.02"/>
</testsuite> <!-- Default test -->
