<?xml version="1.0" encoding="UTF-8"?>
<!-- Generated by org.testng.reporters.JUnitXMLReporter -->
<testsuite ignored="0" hostname="DESKTOP-Q5TRK1C" failures="0" tests="4" name="Default test" time="29.151" errors="0" timestamp="2024-09-05T00:23:15 IST">
  <testcase classname="scenario2Test.AdminPageTest" name="getAllMenu" time="1.77"/>
  <testcase classname="scenario2Test.AdminPageTest" name="VerifySearchWithUsername" time="6.605"/>
  <testcase classname="scenario2Test.AdminPageTest" name="VerifySerchWithUserRole" time="2.638"/>
  <testcase classname="scenario2Test.AdminPageTest" name="VerifySerchWithUserStatus" time="4.606"/>
</testsuite> <!-- Default test -->
