<?xml version="1.0" encoding="UTF-8"?>
<testng-results ignored="0" total="4" passed="4" failed="0" skipped="0">
  <reporter-output>
    <line>
      <![CDATA[Total menu options are: 12]]>
    </line>
    <line>
      <![CDATA[Admin]]>
    </line>
    <line>
      <![CDATA[PIM]]>
    </line>
    <line>
      <![CDATA[Leave]]>
    </line>
    <line>
      <![CDATA[Time]]>
    </line>
    <line>
      <![CDATA[Recruitment]]>
    </line>
    <line>
      <![CDATA[My Info]]>
    </line>
    <line>
      <![CDATA[Performance]]>
    </line>
    <line>
      <![CDATA[Dashboard]]>
    </line>
    <line>
      <![CDATA[Directory]]>
    </line>
    <line>
      <![CDATA[Maintenance]]>
    </line>
    <line>
      <![CDATA[Claim]]>
    </line>
    <line>
      <![CDATA[Buzz]]>
    </line>
    <line>
      <![CDATA[(1) Record Found]]>
    </line>
    <line>
      <![CDATA[Search Employee by UserRole]]>
    </line>
    <line>
      <![CDATA[(1) Record Found]]>
    </line>
    <line>
      <![CDATA[Search Employee by Status]]>
    </line>
    <line>
      <![CDATA[(6) Records Found]]>
    </line>
  </reporter-output>
  <suite started-at="2024-09-05T00:22:46 IST" name="Default suite" finished-at="2024-09-05T00:23:15 IST" duration-ms="29151">
    <groups>
    </groups>
    <test started-at="2024-09-05T00:22:46 IST" name="Default test" finished-at="2024-09-05T00:23:15 IST" duration-ms="29151">
      <class name="scenario2Test.AdminPageTest">
        <test-method is-config="true" signature="setUp()[pri:0, instance:scenario2Test.AdminPageTest@5a59ca5e]" started-at="2024-09-05T00:22:46 IST" name="setUp" finished-at="2024-09-05T00:22:52 IST" duration-ms="6697" status="PASS">
          <reporter-output>
          </reporter-output>
        </test-method> <!-- setUp -->
        <test-method is-config="true" signature="pageSetup()[pri:0, instance:scenario2Test.AdminPageTest@5a59ca5e]" started-at="2024-09-05T00:22:52 IST" name="pageSetup" finished-at="2024-09-05T00:22:54 IST" duration-ms="1687" status="PASS">
          <reporter-output>
          </reporter-output>
        </test-method> <!-- pageSetup -->
        <test-method signature="getAllMenu()[pri:1, instance:scenario2Test.AdminPageTest@5a59ca5e]" started-at="2024-09-05T00:22:54 IST" name="getAllMenu" finished-at="2024-09-05T00:22:56 IST" duration-ms="1770" status="PASS">
          <reporter-output>
            <line>
              <![CDATA[Total menu options are: 12]]>
            </line>
            <line>
              <![CDATA[Admin]]>
            </line>
            <line>
              <![CDATA[PIM]]>
            </line>
            <line>
              <![CDATA[Leave]]>
            </line>
            <line>
              <![CDATA[Time]]>
            </line>
            <line>
              <![CDATA[Recruitment]]>
            </line>
            <line>
              <![CDATA[My Info]]>
            </line>
            <line>
              <![CDATA[Performance]]>
            </line>
            <line>
              <![CDATA[Dashboard]]>
            </line>
            <line>
              <![CDATA[Directory]]>
            </line>
            <line>
              <![CDATA[Maintenance]]>
            </line>
            <line>
              <![CDATA[Claim]]>
            </line>
            <line>
              <![CDATA[Buzz]]>
            </line>
          </reporter-output>
        </test-method> <!-- getAllMenu -->
        <test-method signature="VerifySearchWithUsername()[pri:2, instance:scenario2Test.AdminPageTest@5a59ca5e]" started-at="2024-09-05T00:22:56 IST" name="VerifySearchWithUsername" finished-at="2024-09-05T00:23:02 IST" duration-ms="6605" status="PASS">
          <reporter-output>
            <line>
              <![CDATA[(1) Record Found]]>
            </line>
          </reporter-output>
        </test-method> <!-- VerifySearchWithUsername -->
        <test-method signature="VerifySerchWithUserRole()[pri:3, instance:scenario2Test.AdminPageTest@5a59ca5e]" started-at="2024-09-05T00:23:02 IST" name="VerifySerchWithUserRole" finished-at="2024-09-05T00:23:05 IST" duration-ms="2638" status="PASS">
          <reporter-output>
            <line>
              <![CDATA[Search Employee by UserRole]]>
            </line>
            <line>
              <![CDATA[(1) Record Found]]>
            </line>
          </reporter-output>
        </test-method> <!-- VerifySerchWithUserRole -->
        <test-method signature="VerifySerchWithUserStatus()[pri:4, instance:scenario2Test.AdminPageTest@5a59ca5e]" started-at="2024-09-05T00:23:05 IST" name="VerifySerchWithUserStatus" finished-at="2024-09-05T00:23:10 IST" duration-ms="4606" status="PASS">
          <reporter-output>
            <line>
              <![CDATA[Search Employee by Status]]>
            </line>
            <line>
              <![CDATA[(6) Records Found]]>
            </line>
          </reporter-output>
        </test-method> <!-- VerifySerchWithUserStatus -->
        <test-method is-config="true" signature="tearDown()[pri:0, instance:scenario2Test.AdminPageTest@5a59ca5e]" started-at="2024-09-05T00:23:10 IST" name="tearDown" finished-at="2024-09-05T00:23:15 IST" duration-ms="5090" status="PASS">
          <reporter-output>
          </reporter-output>
        </test-method> <!-- tearDown -->
      </class> <!-- scenario2Test.AdminPageTest -->
    </test> <!-- Default test -->
  </suite> <!-- Default suite -->
</testng-results>
