<?xml version="1.0" encoding="UTF-8"?>
<testng-results ignored="0" total="3" passed="3" failed="0" skipped="0">
  <reporter-output>
    <line>
      <![CDATA[Title match!]]>
    </line>
    <line>
      <![CDATA[Title is: https://opensource-demo.orangehrmlive.com/web/index.php/dashboard/index]]>
    </line>
  </reporter-output>
  <suite started-at="2024-09-05T13:28:04 IST" name="Default suite" finished-at="2024-09-05T13:28:17 IST" duration-ms="13050">
    <groups>
    </groups>
    <test started-at="2024-09-05T13:28:04 IST" name="Default test" finished-at="2024-09-05T13:28:17 IST" duration-ms="13050">
      <class name="scenario2Test.LoginPageTest">
        <test-method is-config="true" signature="setUp()[pri:0, instance:scenario2Test.LoginPageTest@72bc6553]" started-at="2024-09-05T13:28:04 IST" name="setUp" finished-at="2024-09-05T13:28:10 IST" duration-ms="5768" status="PASS">
          <reporter-output>
          </reporter-output>
        </test-method> <!-- setUp -->
        <test-method signature="verifyTitle()[pri:1, instance:scenario2Test.LoginPageTest@72bc6553]" started-at="2024-09-05T13:28:10 IST" name="verifyTitle" finished-at="2024-09-05T13:28:10 IST" duration-ms="34" status="PASS">
          <reporter-output>
            <line>
              <![CDATA[Title match!]]>
            </line>
          </reporter-output>
        </test-method> <!-- verifyTitle -->
        <test-method signature="verifyLogin()[pri:2, instance:scenario2Test.LoginPageTest@72bc6553]" started-at="2024-09-05T13:28:10 IST" name="verifyLogin" finished-at="2024-09-05T13:28:12 IST" duration-ms="1791" status="PASS">
          <reporter-output>
          </reporter-output>
        </test-method> <!-- verifyLogin -->
        <test-method signature="verifyCurrentUrl()[pri:3, instance:scenario2Test.LoginPageTest@72bc6553]" started-at="2024-09-05T13:28:12 IST" name="verifyCurrentUrl" finished-at="2024-09-05T13:28:12 IST" duration-ms="20" status="PASS">
          <reporter-output>
            <line>
              <![CDATA[Title is: https://opensource-demo.orangehrmlive.com/web/index.php/dashboard/index]]>
            </line>
          </reporter-output>
        </test-method> <!-- verifyCurrentUrl -->
        <test-method is-config="true" signature="tearDown()[pri:0, instance:scenario2Test.LoginPageTest@72bc6553]" started-at="2024-09-05T13:28:12 IST" name="tearDown" finished-at="2024-09-05T13:28:17 IST" duration-ms="5352" status="PASS">
          <reporter-output>
          </reporter-output>
        </test-method> <!-- tearDown -->
      </class> <!-- scenario2Test.LoginPageTest -->
    </test> <!-- Default test -->
  </suite> <!-- Default suite -->
</testng-results>
